  Lab4_105502519.cpp
d:\users\2019cg_lab4_105502519\lab4_105502519.cpp(68): warning C4018: '<': signed/unsigned 不相符
d:\users\2019cg_lab4_105502519\lab4_105502519.cpp(178): warning C4018: '<': signed/unsigned 不相符
d:\users\2019cg_lab4_105502519\lab4_105502519.cpp(274): warning C4244: '引數': 將 'int' 轉換為 'GLfloat'，由於類型不同，可能導致資料遺失
d:\users\2019cg_lab4_105502519\lab4_105502519.cpp(283): warning C4244: '引數': 將 'int' 轉換為 'GLfloat'，由於類型不同，可能導致資料遺失
d:\users\2019cg_lab4_105502519\lab4_105502519.cpp(518): warning C4018: '<': signed/unsigned 不相符
d:\users\2019cg_lab4_105502519\lab4_105502519.cpp(763): warning C4018: '<': signed/unsigned 不相符
d:\users\2019cg_lab4_105502519\lab4_105502519.cpp(813): warning C4018: '<': signed/unsigned 不相符
d:\users\2019cg_lab4_105502519\lab4_105502519.cpp(822): warning C4018: '<': signed/unsigned 不相符
d:\users\2019cg_lab4_105502519\lab4_105502519.cpp(831): warning C4244: '正在初始化': 將 'int' 轉換為 'float'，由於類型不同，可能導致資料遺失
d:\users\2019cg_lab4_105502519\lab4_105502519.cpp(832): warning C4018: '<': signed/unsigned 不相符
d:\users\2019cg_lab4_105502519\lab4_105502519.cpp(843): warning C4244: '正在初始化': 將 'float' 轉換為 'int'，由於類型不同，可能導致資料遺失
d:\users\2019cg_lab4_105502519\lab4_105502519.cpp(848): warning C4244: '正在初始化': 將 'float' 轉換為 'int'，由於類型不同，可能導致資料遺失
d:\users\2019cg_lab4_105502519\lab4_105502519.cpp(851): warning C4244: '引數': 將 'int' 轉換為 'float'，由於類型不同，可能導致資料遺失
d:\users\2019cg_lab4_105502519\lab4_105502519.cpp(855): warning C4244: '=': 將 'double' 轉換為 'float'，由於類型不同，可能導致資料遺失
d:\users\2019cg_lab4_105502519\lab4_105502519.cpp(864): warning C4244: '正在初始化': 將 'float' 轉換為 'int'，由於類型不同，可能導致資料遺失
d:\users\2019cg_lab4_105502519\lab4_105502519.cpp(869): warning C4244: '正在初始化': 將 'float' 轉換為 'int'，由於類型不同，可能導致資料遺失
d:\users\2019cg_lab4_105502519\lab4_105502519.cpp(872): warning C4244: '引數': 將 'int' 轉換為 'float'，由於類型不同，可能導致資料遺失
d:\users\2019cg_lab4_105502519\lab4_105502519.cpp(875): warning C4244: '=': 將 'double' 轉換為 'float'，由於類型不同，可能導致資料遺失
d:\users\2019cg_lab4_105502519\lab4_105502519.cpp(888): warning C4018: '<': signed/unsigned 不相符
d:\users\2019cg_lab4_105502519\lab4_105502519.cpp(901): warning C4018: '<': signed/unsigned 不相符
d:\users\2019cg_lab4_105502519\lab4_105502519.cpp(993): warning C4018: '>': signed/unsigned 不相符
d:\users\2019cg_lab4_105502519\lab4_105502519.cpp(1130): warning C4018: '>': signed/unsigned 不相符
  2019CG_Lab4_105502519.vcxproj -> D:\Users\2019CG_Lab4_105502519\Debug\2019CG_Lab4_105502519.exe
